{"level":"info","Request:":"{\n  \"userId\": 1,\n  \"id\": 1,\n  \"title\": \"delectus aut autem\",\n  \"completed\": false\n}","time":1720985296,"message":"Response Received"}
{"level":"info","time":1720985296,"message":"Task With 1 ID Done"}
{"level":"info","Request:":"{\n  \"userId\": 1,\n  \"id\": 2,\n  \"title\": \"quis ut nam facilis et officia qui\",\n  \"completed\": false\n}","time":1720985296,"message":"Response Received"}
{"level":"info","time":1720985296,"message":"Task With 2 ID Done"}
{"level":"info","Request:":"{\n  \"userId\": 1,\n  \"id\": 3,\n  \"title\": \"fugiat veniam minus\",\n  \"completed\": false\n}","time":1720985296,"message":"Response Received"}
{"level":"info","time":1720985296,"message":"Task With 3 ID Done"}
{"level":"info","Request:":"{\n  \"userId\": 1,\n  \"id\": 4,\n  \"title\": \"et porro tempora\",\n  \"completed\": true\n}","time":1720985297,"message":"Response Received"}
{"level":"info","time":1720985297,"message":"Task With 4 ID Done"}
{"level":"info","Request:":"{\n  \"userId\": 1,\n  \"id\": 5,\n  \"title\": \"laboriosam mollitia et enim quasi adipisci quia provident illum\",\n  \"completed\": false\n}","time":1720985297,"message":"Response Received"}
{"level":"info","time":1720985297,"message":"Task With 5 ID Done"}
{"level":"info","Request:":"{\n  \"userId\": 1,\n  \"id\": 6,\n  \"title\": \"qui ullam ratione quibusdam voluptatem quia omnis\",\n  \"completed\": false\n}","time":1720985297,"message":"Response Received"}
{"level":"info","time":1720985297,"message":"Task With 6 ID Done"}
{"level":"info","Request:":"{\n  \"userId\": 1,\n  \"id\": 7,\n  \"title\": \"illo expedita consequatur quia in\",\n  \"completed\": false\n}","time":1720985297,"message":"Response Received"}
{"level":"info","time":1720985297,"message":"Task With 7 ID Done"}
{"level":"info","Request:":"{\n  \"userId\": 1,\n  \"id\": 8,\n  \"title\": \"quo adipisci enim quam ut ab\",\n  \"completed\": true\n}","time":1720985298,"message":"Response Received"}
{"level":"info","time":1720985298,"message":"Task With 8 ID Done"}
{"level":"info","Request:":"{\n  \"userId\": 1,\n  \"id\": 9,\n  \"title\": \"molestiae perspiciatis ipsa\",\n  \"completed\": false\n}","time":1720985298,"message":"Response Received"}
{"level":"info","time":1720985298,"message":"Task With 9 ID Done"}
{"level":"info","Request:":"{\n  \"userId\": 1,\n  \"id\": 10,\n  \"title\": \"illo est ratione doloremque quia maiores aut\",\n  \"completed\": true\n}","time":1720985298,"message":"Response Received"}
{"level":"info","time":1720985298,"message":"Task With 10 ID Done"}
{"level":"info","Request:":"{\n  \"userId\": 1,\n  \"id\": 11,\n  \"title\": \"vero rerum temporibus dolor\",\n  \"completed\": true\n}","time":1720985299,"message":"Response Received"}
{"level":"info","time":1720985299,"message":"Task With 11 ID Done"}
{"level":"info","Request:":"{\n  \"userId\": 1,\n  \"id\": 12,\n  \"title\": \"ipsa repellendus fugit nisi\",\n  \"completed\": true\n}","time":1720985299,"message":"Response Received"}
{"level":"info","time":1720985299,"message":"Task With 12 ID Done"}
{"level":"info","Request:":"{\n  \"userId\": 1,\n  \"id\": 13,\n  \"title\": \"et doloremque nulla\",\n  \"completed\": false\n}","time":1720985299,"message":"Response Received"}
{"level":"info","time":1720985299,"message":"Task With 13 ID Done"}
{"level":"info","Request:":"{\n  \"userId\": 1,\n  \"id\": 14,\n  \"title\": \"repellendus sunt dolores architecto voluptatum\",\n  \"completed\": true\n}","time":1720985300,"message":"Response Received"}
{"level":"info","time":1720985300,"message":"Task With 14 ID Done"}
{"level":"info","Request:":"{\n  \"userId\": 1,\n  \"id\": 15,\n  \"title\": \"ab voluptatum amet voluptas\",\n  \"completed\": true\n}","time":1720985300,"message":"Response Received"}
{"level":"info","time":1720985300,"message":"Task With 15 ID Done"}
{"level":"info","Request:":"{\n  \"userId\": 1,\n  \"id\": 16,\n  \"title\": \"accusamus eos facilis sint et aut voluptatem\",\n  \"completed\": true\n}","time":1720985300,"message":"Response Received"}
{"level":"info","time":1720985300,"message":"Task With 16 ID Done"}
{"level":"info","Request:":"{\n  \"userId\": 1,\n  \"id\": 17,\n  \"title\": \"quo laboriosam deleniti aut qui\",\n  \"completed\": true\n}","time":1720985301,"message":"Response Received"}
{"level":"info","time":1720985301,"message":"Task With 17 ID Done"}
{"level":"info","Request:":"{\n  \"userId\": 1,\n  \"id\": 18,\n  \"title\": \"dolorum est consequatur ea mollitia in culpa\",\n  \"completed\": false\n}","time":1720985301,"message":"Response Received"}
{"level":"info","time":1720985301,"message":"Task With 18 ID Done"}
{"level":"info","Request:":"{\n  \"userId\": 1,\n  \"id\": 19,\n  \"title\": \"molestiae ipsa aut voluptatibus pariatur dolor nihil\",\n  \"completed\": true\n}","time":1720985302,"message":"Response Received"}
{"level":"info","time":1720985302,"message":"Task With 19 ID Done"}
